{
  "uid" : "a216ef140ac3c92e",
  "name" : "test_05_IDPayProcess[13316957721-z723113875]",
  "fullName" : "Runner.test_case.Test_Class#test_05_IDPayProcess",
  "historyId" : "9cc029493f495e2add3666ec53d706de",
  "time" : {
    "start" : 1611629947267,
    "stop" : 1611630008835,
    "duration" : 61568
  },
  "status" : "broken",
  "statusMessage" : "selenium.common.exceptions.TimeoutException: Message:",
  "statusTrace" : "self = <Runner.test_case.Test_Class object at 0x0000000003D09860>\nvalue_ID = '13316957721', value_pwd = 'z723113875'\n\n    @pytest.mark.parametrize(\"value_ID, value_pwd\", csvIDLoginSuccess)\n    def test_05_IDPayProcess(self, value_ID, value_pwd):\n        self.b.jumpIDLoginMod()\n        self.b.iDLoginMod(value_ID)\n        self.b.passwordLoginMod(value_pwd)\n        self.b.loginBtn()\n        # !-----------------------------------------------用户名断言----------------------------------------------! #\n        self.eleText_01 = self.a.findElementTextSection(self.b.xpathHomePageId, 4)\n        self.eleText_02 = value_ID[len(value_ID) - 4:]\n        assert self.eleText_02 == self.eleText_01\n        self.c.chooseWares()\n        self.c.windowScrrollBy()\n        self.c.clickWare(self.b.xpathWaresMag, 1, 2)\n        self.c.buyNowBtn()\n>       self.c.placeOrder()\n\nRunner\\test_case.py:119: \n_ _ _ _ _ _ _ _ _ _ _ _ _ _ _ _ _ _ _ _ _ _ _ _ _ _ _ _ _ _ _ _ _ _ _ _ _ _ _ _\nSourceCode\\test_PaymentProcessMode.py:112: in placeOrder\n    self.dr.buttonClick(self.xpathPlaceOrder)\ntools\\test_basic.py:61: in buttonClick\n    element = self.findElement(pagePath)\ntools\\test_basic.py:38: in findElement\n    EC.presence_of_element_located(value)\n_ _ _ _ _ _ _ _ _ _ _ _ _ _ _ _ _ _ _ _ _ _ _ _ _ _ _ _ _ _ _ _ _ _ _ _ _ _ _ _\n\nself = <selenium.webdriver.support.wait.WebDriverWait (session=\"5eac0848-19dc-40be-95fd-c0b785e7c809\")>\nmethod = <selenium.webdriver.support.expected_conditions.presence_of_element_located object at 0x0000000003D154E0>\nmessage = ''\n\n    def until(self, method, message=''):\n        \"\"\"Calls the method provided with the driver as an argument until the \\\n        return value is not False.\"\"\"\n        screen = None\n        stacktrace = None\n    \n        end_time = time.time() + self._timeout\n        while True:\n            try:\n                value = method(self._driver)\n                if value:\n                    return value\n            except self._ignored_exceptions as exc:\n                screen = getattr(exc, 'screen', None)\n                stacktrace = getattr(exc, 'stacktrace', None)\n            time.sleep(self._poll)\n            if time.time() > end_time:\n                break\n>       raise TimeoutException(message, screen, stacktrace)\nE       selenium.common.exceptions.TimeoutException: Message:\n\nd:\\python\\lib\\site-packages\\selenium\\webdriver\\support\\wait.py:80: TimeoutException",
  "flaky" : false,
  "newFailed" : false,
  "beforeStages" : [ {
    "name" : "xunit_setup_class_fixture_Test_Class",
    "time" : {
      "start" : 1611629885150,
      "stop" : 1611629889550,
      "duration" : 4400
    },
    "status" : "passed",
    "steps" : [ ],
    "attachments" : [ ],
    "parameters" : [ ],
    "stepsCount" : 0,
    "hasContent" : false,
    "attachmentsCount" : 0,
    "shouldDisplayMessage" : false
  } ],
  "afterStages" : [ {
    "name" : "xunit_setup_class_fixture_Test_Class::0",
    "time" : {
      "start" : 1611630008923,
      "stop" : 1611630009279,
      "duration" : 356
    },
    "status" : "passed",
    "steps" : [ ],
    "attachments" : [ ],
    "parameters" : [ ],
    "stepsCount" : 0,
    "hasContent" : false,
    "attachmentsCount" : 0,
    "shouldDisplayMessage" : false
  } ],
  "labels" : [ {
    "name" : "parentSuite",
    "value" : "Runner"
  }, {
    "name" : "suite",
    "value" : "test_case"
  }, {
    "name" : "subSuite",
    "value" : "Test_Class"
  }, {
    "name" : "host",
    "value" : "WIN7-2019040802"
  }, {
    "name" : "thread",
    "value" : "6744-MainThread"
  }, {
    "name" : "framework",
    "value" : "pytest"
  }, {
    "name" : "language",
    "value" : "cpython3"
  }, {
    "name" : "package",
    "value" : "Runner.test_case"
  }, {
    "name" : "resultFormat",
    "value" : "allure2"
  } ],
  "parameters" : [ {
    "name" : "value_ID",
    "value" : "'13316957721'"
  }, {
    "name" : "value_pwd",
    "value" : "'z723113875'"
  } ],
  "links" : [ ],
  "hidden" : true,
  "retry" : true,
  "extra" : {
    "categories" : [ ],
    "tags" : [ ]
  },
  "source" : "a216ef140ac3c92e.json",
  "parameterValues" : [ "'13316957721'", "'z723113875'" ]
}